<?xml version="1.0" encoding="UTF-8"?>
<!-- Generated by org.testng.reporters.JUnitXMLReporter -->
<testsuite hostname="DESKTOP-9G0PQC3" ignored="0" name="Default test" tests="7" failures="0" timestamp="2021-06-05T17:52:12 IST" time="4.507" errors="0">
  <testcase name="LaunchBrowser" time="0.288" classname="com.sk.log4jassignment.HomeWork1"/>
  <testcase name="navigate" time="0.004" classname="com.sk.log4jassignment.HomeWork1"/>
  <testcase name="login" time="0.037" classname="com.sk.log4jassignment.HomeWork1"/>
  <testcase name="CreateUser" time="0.003" classname="com.sk.log4jassignment.HomeWork1"/>
  <testcase name="DeleteUser" time="2.018" classname="com.sk.log4jassignment.HomeWork1"/>
  <testcase name="logout" time="2.032" classname="com.sk.log4jassignment.HomeWork1"/>
  <testcase name="closeApplication" time="0.016" classname="com.sk.log4jassignment.HomeWork1"/>
</testsuite> <!-- Default test -->
