<?xml version="1.0" encoding="UTF-8"?>
<!-- Generated by org.testng.reporters.JUnitXMLReporter -->
<testsuite hostname="DESKTOP-9G0PQC3" ignored="0" name="Scenarios" tests="119" failures="0" timestamp="2021-06-04T16:58:32 IST" time="596.853" errors="0">
  <testcase name="launchBrowser" time="4.608" classname="com.sk.log4jassignment.HomeWork1"/>
  <testcase name="navigate" time="7.094" classname="com.sk.log4jassignment.HomeWork1"/>
  <testcase name="login" time="4.389" classname="com.sk.log4jassignment.HomeWork1"/>
  <testcase name="flyWindowMinimize" time="2.135" classname="com.sk.log4jassignment.HomeWork1"/>
  <testcase name="createUser" time="14.616" classname="com.sk.log4jassignment.HomeWork1"/>
  <testcase name="deleteUser" time="2.328" classname="com.sk.log4jassignment.HomeWork1"/>
  <testcase name="logOut" time="1.38" classname="com.sk.log4jassignment.HomeWork1"/>
  <testcase name="closeApplication" time="0.387" classname="com.sk.log4jassignment.HomeWork1"/>
  <testcase name="launchBrowser" time="2.703" classname="com.sk.log4jassignment.HomeWork2"/>
  <testcase name="navigate" time="5.531" classname="com.sk.log4jassignment.HomeWork2"/>
  <testcase name="login" time="4.318" classname="com.sk.log4jassignment.HomeWork2"/>
  <testcase name="flyWindowMinimize" time="2.1" classname="com.sk.log4jassignment.HomeWork2"/>
  <testcase name="createUser" time="8.848" classname="com.sk.log4jassignment.HomeWork2"/>
  <testcase name="modifyUser" time="6.686" classname="com.sk.log4jassignment.HomeWork2"/>
  <testcase name="deleteUser" time="2.27" classname="com.sk.log4jassignment.HomeWork2"/>
  <testcase name="logOut" time="1.615" classname="com.sk.log4jassignment.HomeWork2"/>
  <testcase name="closeApplication" time="0.197" classname="com.sk.log4jassignment.HomeWork2"/>
  <testcase name="launchBrowser" time="1.885" classname="com.sk.log4jassignment.homeWork3"/>
  <testcase name="navigate" time="5.023" classname="com.sk.log4jassignment.homeWork3"/>
  <testcase name="login" time="4.317" classname="com.sk.log4jassignment.homeWork3"/>
  <testcase name="flyWindowMinimize" time="2.098" classname="com.sk.log4jassignment.homeWork3"/>
  <testcase name="createUser" time="8.7" classname="com.sk.log4jassignment.homeWork3"/>
  <testcase name="modifyUser" time="11.686" classname="com.sk.log4jassignment.homeWork3"/>
  <testcase name="deleteUser" time="2.265" classname="com.sk.log4jassignment.homeWork3"/>
  <testcase name="logOut" time="1.626" classname="com.sk.log4jassignment.homeWork3"/>
  <testcase name="closeApplication" time="0.131" classname="com.sk.log4jassignment.homeWork3"/>
  <testcase name="launchBrowser" time="2.27" classname="com.sk.log4jassignment.HomeWork4"/>
  <testcase name="navigate" time="5.208" classname="com.sk.log4jassignment.HomeWork4"/>
  <testcase name="login" time="4.321" classname="com.sk.log4jassignment.HomeWork4"/>
  <testcase name="flyWindowMinimize" time="2.104" classname="com.sk.log4jassignment.HomeWork4"/>
  <testcase name="createCustomer" time="6.705" classname="com.sk.log4jassignment.HomeWork4"/>
  <testcase name="modifyCustomer" time="12.968" classname="com.sk.log4jassignment.HomeWork4"/>
  <testcase name="deleteCustomer" time="8.8" classname="com.sk.log4jassignment.HomeWork4"/>
  <testcase name="logOut" time="1.536" classname="com.sk.log4jassignment.HomeWork4"/>
  <testcase name="closeApplication" time="0.272" classname="com.sk.log4jassignment.HomeWork4"/>
  <testcase name="launchBrowser" time="1.593" classname="com.sk.log4jassignment.HomeWork5"/>
  <testcase name="navigate" time="5.057" classname="com.sk.log4jassignment.HomeWork5"/>
  <testcase name="login" time="4.331" classname="com.sk.log4jassignment.HomeWork5"/>
  <testcase name="flyWindowMinimize" time="2.107" classname="com.sk.log4jassignment.HomeWork5"/>
  <testcase name="createCustomer" time="15.908" classname="com.sk.log4jassignment.HomeWork5"/>
  <testcase name="createProject" time="10.117" classname="com.sk.log4jassignment.HomeWork5"/>
  <testcase name="deleteProject" time="7.958" classname="com.sk.log4jassignment.HomeWork5"/>
  <testcase name="deleteCustomer" time="6.827" classname="com.sk.log4jassignment.HomeWork5"/>
  <testcase name="logOut" time="1.594" classname="com.sk.log4jassignment.HomeWork5"/>
  <testcase name="closeApplication" time="0.21" classname="com.sk.log4jassignment.HomeWork5"/>
  <testcase name="launchBrowser" time="1.922" classname="com.sk.log4jassignment.HomeWork6"/>
  <testcase name="navigate" time="4.954" classname="com.sk.log4jassignment.HomeWork6"/>
  <testcase name="login" time="4.372" classname="com.sk.log4jassignment.HomeWork6"/>
  <testcase name="flyWindowMinimize" time="2.153" classname="com.sk.log4jassignment.HomeWork6"/>
  <testcase name="createCustomer" time="16.114" classname="com.sk.log4jassignment.HomeWork6"/>
  <testcase name="createProject" time="9.891" classname="com.sk.log4jassignment.HomeWork6"/>
  <testcase name="modifyProject" time="0.066" classname="com.sk.log4jassignment.HomeWork6"/>
  <testcase name="deleteProject" time="7.908" classname="com.sk.log4jassignment.HomeWork6"/>
  <testcase name="deleteCustomer" time="6.87" classname="com.sk.log4jassignment.HomeWork6"/>
  <testcase name="logOut" time="1.48" classname="com.sk.log4jassignment.HomeWork6"/>
  <testcase name="closeApplication" time="0.212" classname="com.sk.log4jassignment.HomeWork6"/>
  <testcase name="launchBrowser" time="1.732" classname="com.sk.log4jassignment.HomeWork7"/>
  <testcase name="navigate" time="8.963" classname="com.sk.log4jassignment.HomeWork7"/>
  <testcase name="login" time="4.333" classname="com.sk.log4jassignment.HomeWork7"/>
  <testcase name="flyWindowMinimize" time="2.1" classname="com.sk.log4jassignment.HomeWork7"/>
  <testcase name="createCustomer" time="9.401" classname="com.sk.log4jassignment.HomeWork7"/>
  <testcase name="createProject" time="6.888" classname="com.sk.log4jassignment.HomeWork7"/>
  <testcase name="createTask" time="4.746" classname="com.sk.log4jassignment.HomeWork7"/>
  <testcase name="deleteTask" time="6.754" classname="com.sk.log4jassignment.HomeWork7"/>
  <testcase name="deleteProject" time="7.811" classname="com.sk.log4jassignment.HomeWork7"/>
  <testcase name="deleteCustomer" time="6.799" classname="com.sk.log4jassignment.HomeWork7"/>
  <testcase name="logOut" time="1.56" classname="com.sk.log4jassignment.HomeWork7"/>
  <testcase name="closeApplication" time="0.173" classname="com.sk.log4jassignment.HomeWork7"/>
  <testcase name="launchBrowser" time="2.624" classname="com.sk.log4jassignment.HomeWork8"/>
  <testcase name="navigate" time="6.014" classname="com.sk.log4jassignment.HomeWork8"/>
  <testcase name="Adminlogin" time="2.519" classname="com.sk.log4jassignment.HomeWork8"/>
  <testcase name="minimizeFlyOutWindow" time="1.167" classname="com.sk.log4jassignment.HomeWork8"/>
  <testcase name="User1" time="17.652" classname="com.sk.log4jassignment.HomeWork8"/>
  <testcase name="User2" time="14.294" classname="com.sk.log4jassignment.HomeWork8"/>
  <testcase name="User3" time="14.412" classname="com.sk.log4jassignment.HomeWork8"/>
  <testcase name="logout" time="2.839" classname="com.sk.log4jassignment.HomeWork8"/>
  <testcase name="User1Loging" time="32.512" classname="com.sk.log4jassignment.HomeWork8"/>
  <testcase name="User1logout" time="2.393" classname="com.sk.log4jassignment.HomeWork8"/>
  <testcase name="User2Loging" time="8.536" classname="com.sk.log4jassignment.HomeWork8"/>
  <testcase name="User2Logout" time="2.399" classname="com.sk.log4jassignment.HomeWork8"/>
  <testcase name="User3Loging" time="8.466" classname="com.sk.log4jassignment.HomeWork8"/>
  <testcase name="User3Logout" time="2.381" classname="com.sk.log4jassignment.HomeWork8"/>
  <testcase name="Admin1login" time="4.393" classname="com.sk.log4jassignment.HomeWork8"/>
  <testcase name="deleteUser1" time="10.173" classname="com.sk.log4jassignment.HomeWork8"/>
  <testcase name="deleteUser2" time="9.466" classname="com.sk.log4jassignment.HomeWork8"/>
  <testcase name="deleteUser3" time="9.446" classname="com.sk.log4jassignment.HomeWork8"/>
  <testcase name="Adminlogout" time="2.44" classname="com.sk.log4jassignment.HomeWork8"/>
  <testcase name="closeApplication" time="0.196" classname="com.sk.log4jassignment.HomeWork8"/>
  <testcase name="launchBrowser" time="3.344" classname="com.sk.log4jassignment.HomeWork9"/>
  <testcase name="navigate" time="5.617" classname="com.sk.log4jassignment.HomeWork9"/>
  <testcase name="Adminlogin" time="2.497" classname="com.sk.log4jassignment.HomeWork9"/>
  <testcase name="minimizeFlyOutWindow" time="1.162" classname="com.sk.log4jassignment.HomeWork9"/>
  <testcase name="User1" time="10.915" classname="com.sk.log4jassignment.HomeWork9"/>
  <testcase name="logout" time="2.468" classname="com.sk.log4jassignment.HomeWork9"/>
  <testcase name="User1Loging" time="7.443" classname="com.sk.log4jassignment.HomeWork9"/>
  <testcase name="User2" time="12.293" classname="com.sk.log4jassignment.HomeWork9"/>
  <testcase name="User1logout" time="2.438" classname="com.sk.log4jassignment.HomeWork9"/>
  <testcase name="User2Loging" time="5.808" classname="com.sk.log4jassignment.HomeWork9"/>
  <testcase name="User3" time="1.172" classname="com.sk.log4jassignment.HomeWork9"/>
  <testcase name="User2Logout" time="1.234" classname="com.sk.log4jassignment.HomeWork9"/>
  <testcase name="Admin1login" time="0.039" classname="com.sk.log4jassignment.HomeWork9"/>
  <testcase name="ModifyUser1" time="1.131" classname="com.sk.log4jassignment.HomeWork9"/>
  <testcase name="Admin1logout" time="1.191" classname="com.sk.log4jassignment.HomeWork9"/>
  <testcase name="User1LogingAgain" time="0.031" classname="com.sk.log4jassignment.HomeWork9"/>
  <testcase name="ModifyUser2" time="14.601" classname="com.sk.log4jassignment.HomeWork9"/>
  <testcase name="User1logoutAgain" time="2.353" classname="com.sk.log4jassignment.HomeWork9"/>
  <testcase name="User2LogingAgain" time="2.505" classname="com.sk.log4jassignment.HomeWork9"/>
  <testcase name="ModifyUser3" time="14.159" classname="com.sk.log4jassignment.HomeWork9"/>
  <testcase name="User2LogoutAgain" time="2.469" classname="com.sk.log4jassignment.HomeWork9"/>
  <testcase name="User2LogingAgainAgain" time="2.549" classname="com.sk.log4jassignment.HomeWork9"/>
  <testcase name="deleteUser3" time="10.501" classname="com.sk.log4jassignment.HomeWork9"/>
  <testcase name="User2LogoutAgainAgain" time="2.888" classname="com.sk.log4jassignment.HomeWork9"/>
  <testcase name="User1LogingAgainAgain" time="2.502" classname="com.sk.log4jassignment.HomeWork9"/>
  <testcase name="deleteUser2" time="0.027" classname="com.sk.log4jassignment.HomeWork9"/>
  <testcase name="User1logoutAgainAgain" time="0.048" classname="com.sk.log4jassignment.HomeWork9"/>
  <testcase name="Admin1loginAgain" time="2.428" classname="com.sk.log4jassignment.HomeWork9"/>
  <testcase name="deleteUser1" time="0.04" classname="com.sk.log4jassignment.HomeWork9"/>
  <testcase name="Admin1logoutAgainAgain" time="0.043" classname="com.sk.log4jassignment.HomeWork9"/>
  <testcase name="closeApplication" time="0.154" classname="com.sk.log4jassignment.HomeWork9"/>
</testsuite> <!-- Scenarios -->
